[GIN-debug] [WARNING] Running in "debug" mode. Switch to "release" mode in production.
 - using env:	export GIN_MODE=release
 - using code:	gin.SetMode(gin.ReleaseMode)

[GIN-debug] Loaded HTML Templates (34): 
	- add_product.html
	- export_edit.html
	- login.html
	- test.html
	- danger_notif
	- error.html
	- export.html
	- 
	- production.html
	- header.html
	- payments.html
	- charts.html
	- danger.html
	- dashboard.html
	- navbar.html
	- navbar
	- users.html
	- footer.html
	- header
	- inventory.html
	- inventories.html
	- logs.html
	- 404.html
	- details_user.html
	- home.html
	- success.html
	- backups.html
	- export_list.html
	- inventory_edit.html
	- exportshow.html
	- success_notif
	- add_payment.html
	- admins.html
	- edit_user.html

[GIN-debug] GET    /assets/*filepath         --> github.com/gin-gonic/gin.(*RouterGroup).createStaticHandler.func1 (3 handlers)
[GIN-debug] HEAD   /assets/*filepath         --> github.com/gin-gonic/gin.(*RouterGroup).createStaticHandler.func1 (3 handlers)
[GIN-debug] GET    /                         --> main.main.func3 (4 handlers)
[GIN-debug] GET    /auth/                    --> main.main.func5 (4 handlers)
[GIN-debug] GET    /auth/login               --> main.main.func6 (4 handlers)
[GIN-debug] POST   /auth/login               --> main.main.func7 (4 handlers)
[GIN-debug] GET    /Dashboard/               --> main.main.func8 (5 handlers)
[GIN-debug] GET    /Dashboard/api/allexports --> main.main.func9 (5 handlers)
[GIN-debug] GET    /Dashboard/signout        --> main.main.func10 (5 handlers)
[GIN-debug] GET    /Dashboard/users          --> main.main.func11 (5 handlers)
[GIN-debug] GET    /Dashboard/authors        --> main.main.func12 (5 handlers)
[GIN-debug] GET    /Dashboard/admin_users    --> main.main.func13 (5 handlers)
[GIN-debug] GET    /Dashboard/add_user       --> main.main.func14 (5 handlers)
[GIN-debug] POST   /Dashboard/add_user       --> main.main.func15 (5 handlers)
[GIN-debug] POST   /Dashboard/user-list      --> main.main.func16 (5 handlers)
[GIN-debug] GET    /Dashboard/deleteuser     --> main.main.func17 (5 handlers)
[GIN-debug] GET    /Dashboard/edituser       --> main.main.func18 (5 handlers)
[GIN-debug] GET    /Dashboard/user/details   --> main.main.func19 (5 handlers)
[GIN-debug] POST   /Dashboard/edituser       --> main.main.func20 (5 handlers)
[GIN-debug] POST   /Dashboard/users-find     --> main.main.func21 (5 handlers)
[GIN-debug] GET    /Dashboard/addproduct     --> main.main.func22 (5 handlers)
[GIN-debug] POST   /Dashboard/addproduct     --> main.main.func23 (5 handlers)
[GIN-debug] GET    /Dashboard/deleteproduct  --> main.main.func24 (5 handlers)
[GIN-debug] GET    /Dashboard/editproduct    --> main.main.func25 (5 handlers)
[GIN-debug] POST   /Dashboard/editproduct    --> main.main.func26 (5 handlers)
[GIN-debug] GET    /Dashboard/inventory      --> main.main.func27 (5 handlers)
[GIN-debug] GET    /Dashboard/production     --> main.main.func28 (5 handlers)
[GIN-debug] POST   /Dashboard/updateproduct  --> main.main.func29 (5 handlers)
[GIN-debug] POST   /Dashboard/updatepayment  --> main.main.func30 (5 handlers)
[GIN-debug] GET    /Dashboard/export         --> main.main.func31 (5 handlers)
[GIN-debug] GET    /Dashboard/deleteExport   --> main.main.func32 (5 handlers)
[GIN-debug] POST   /Dashboard/getproductbyinventory --> main.main.func33 (4 handlers)
[GIN-debug] POST   /Dashboard/getproductbyid --> main.main.func34 (4 handlers)
[GIN-debug] POST   /Dashboard/export         --> main.main.func35 (4 handlers)
[GIN-debug] PUT    /Dashboard/exportupdate/:id --> main.main.func36 (4 handlers)
[GIN-debug] GET    /Dashboard/export-list    --> main.main.func37 (5 handlers)
[GIN-debug] POST   /Dashboard/export-list    --> main.main.func38 (5 handlers)
[GIN-debug] POST   /Dashboard/export-find    --> main.main.func39 (5 handlers)
[GIN-debug] POST   /Dashboard/payment-find   --> main.main.func40 (5 handlers)
[GIN-debug] POST   /Dashboard/draft          --> main.main.func41 (5 handlers)
[GIN-debug] GET    /Dashboard/payments       --> main.main.func42 (5 handlers)
[GIN-debug] GET    /Dashboard/payment/add    --> main.main.func43 (5 handlers)
[GIN-debug] GET    /Dashboard/inventories    --> main.main.func44 (5 handlers)
[GIN-debug] GET    /Dashboard/deleteinventories --> main.main.func45 (5 handlers)
[GIN-debug] GET    /Dashboard/editinventory  --> main.main.func46 (5 handlers)
[GIN-debug] POST   /Dashboard/balance-adjustments --> inventory/App/Model.CreateBalanceAdjustment (5 handlers)
[GIN-debug] POST   /Dashboard/balance-adjustments/delete/:id --> inventory/App/Model.DeleteBalanceAdjustment (5 handlers)
[GIN-debug] POST   /Dashboard/updateinventory/delete/ --> main.main.func47 (5 handlers)
[GIN-debug] POST   /Dashboard/createinventory --> main.main.func48 (5 handlers)
[GIN-debug] GET    /Dashboard/createinventory --> main.main.func49 (5 handlers)
[GIN-debug] GET    /backups/:filename        --> main.main.func50 (4 handlers)
[GIN-debug] GET    /Dashboard/charts         --> main.main.func51 (5 handlers)
[GIN-debug] GET    /Dashboard/charts/between --> main.main.func52 (5 handlers)
[GIN-debug] GET    /Dashboard/deletePayments --> main.main.func53 (5 handlers)
[GIN-debug] GET    /Dashboard/exportshow     --> main.main.func54 (5 handlers)
[GIN-debug] GET    /Dashboard/exportedit     --> main.main.func55 (5 handlers)
[GIN-debug] POST   /Dashboard/getpaymentsbyexportid --> main.main.func56 (5 handlers)
[GIN-debug] GET    /Dashboard/backup         --> main.main.func57 (5 handlers)
[GIN-debug] GET    /Dashboard/logs           --> main.main.func58 (5 handlers)
[GIN-debug] [WARNING] You trusted all proxies, this is NOT safe. We recommend you to set a value.
Please check https://pkg.go.dev/github.com/gin-gonic/gin#readme-don-t-trust-all-proxies for details.
[GIN-debug] Environment variable PORT is undefined. Using port :8080 by default
[GIN-debug] Listening and serving HTTP on :8080
[GIN-debug] redirecting request 301: /auth/ --> /auth/
[GIN-debug] redirecting request 301: /Dashboard/ --> /Dashboard/
[GIN-debug] redirecting request 301: /Dashboard/ --> /Dashboard/
[GIN-debug] redirecting request 301: /Dashboard/ --> /Dashboard/
[GIN-debug] redirecting request 301: /Dashboard/ --> /Dashboard/
[GIN-debug] redirecting request 301: /Dashboard/ --> /Dashboard/
[GIN-debug] redirecting request 301: /Dashboard/ --> /Dashboard/
[GIN-debug] redirecting request 301: /Dashboard/ --> /Dashboard/
[GIN-debug] redirecting request 301: /Dashboard/ --> /Dashboard/
[GIN-debug] redirecting request 301: /Dashboard/ --> /Dashboard/
